# JRE version: OpenJDK Runtime Environment (17.0.6) (build 17.0.6+0-b2043.56-10027231)
# Java VM: OpenJDK 64-Bit Server VM (17.0.6+0-b2043.56-10027231, mixed mode, tiered, compressed oops, compressed class ptrs, g1 gc, windows-amd64)
GC Precious Log:
 CPUs: 8 total, 8 available
 Memory: 6005M
 Large Page Support: Disabled
 NUMA Support: Disabled
 Compressed Oops: Enabled (32-bit)
 Heap Region Size: 1M
 Heap Min Capacity: 8M
 Heap Initial Capacity: 94M
 Heap Max Capacity: 1502M
 Pre-touch: Disabled
 Parallel Workers: 8
 Concurrent Workers: 2
 Concurrent Refinement Workers: 8
 Periodic GC: Disabled
Heap:
 garbage-first heap   total 89088K, used 64512K [0x00000000a2200000, 0x0000000100000000)
  region size 1024K, 17 young (17408K), 3 survivors (3072K)
 Metaspace       used 70430K, committed 70656K, reserved 1114112K
  class space    used 8102K, committed 8192K, reserved 1048576K
GC Heap History (20 events):
Event: 18.005 GC heap before
{Heap before GC invocations=17 (full 0):
 garbage-first heap   total 62464K, used 48313K [0x00000000a2200000, 0x0000000100000000)
  region size 1024K, 19 young (19456K), 3 survivors (3072K)
 Metaspace       used 51829K, committed 52032K, reserved 1097728K
  class space    used 6158K, committed 6272K, reserved 1048576K
}
Event: 18.013 GC heap after
{Heap after GC invocations=18 (full 0):
 garbage-first heap   total 62464K, used 34816K [0x00000000a2200000, 0x0000000100000000)
  region size 1024K, 3 young (3072K), 3 survivors (3072K)
 Metaspace       used 51829K, committed 52032K, reserved 1097728K
  class space    used 6158K, committed 6272K, reserved 1048576K
}
Event: 18.723 GC heap before
{Heap before GC invocations=19 (full 0):
 garbage-first heap   total 62464K, used 49152K [0x00000000a2200000, 0x0000000100000000)
  region size 1024K, 17 young (17408K), 3 survivors (3072K)
 Metaspace       used 51983K, committed 52160K, reserved 1097728K
  class space    used 6167K, committed 6272K, reserved 1048576K
}
Event: 18.734 GC heap after
{Heap after GC invocations=20 (full 0):
 garbage-first heap   total 62464K, used 37673K [0x00000000a2200000, 0x0000000100000000)
  region size 1024K, 3 young (3072K), 3 survivors (3072K)
 Metaspace       used 51983K, committed 52160K, reserved 1097728K
  class space    used 6167K, committed 6272K, reserved 1048576K
}
Event: 19.290 GC heap before
{Heap before GC invocations=20 (full 0):
 garbage-first heap   total 62464K, used 48937K [0x00000000a2200000, 0x0000000100000000)
  region size 1024K, 14 young (14336K), 3 survivors (3072K)
 Metaspace       used 52269K, committed 52480K, reserved 1097728K
  class space    used 6195K, committed 6272K, reserved 1048576K
}
Event: 19.296 GC heap after
{Heap after GC invocations=21 (full 0):
 garbage-first heap   total 75776K, used 39509K [0x00000000a2200000, 0x0000000100000000)
  region size 1024K, 2 young (2048K), 2 survivors (2048K)
 Metaspace       used 52269K, committed 52480K, reserved 1097728K
  class space    used 6195K, committed 6272K, reserved 1048576K
}
Event: 21.159 GC heap before
{Heap before GC invocations=22 (full 0):
 garbage-first heap   total 75776K, used 57941K [0x00000000a2200000, 0x0000000100000000)
  region size 1024K, 20 young (20480K), 2 survivors (2048K)
 Metaspace       used 55176K, committed 55424K, reserved 1105920K
  class space    used 6556K, committed 6656K, reserved 1048576K
}
Event: 21.164 GC heap after
{Heap after GC invocations=23 (full 0):
 garbage-first heap   total 75776K, used 41357K [0x00000000a2200000, 0x0000000100000000)
  region size 1024K, 2 young (2048K), 2 survivors (2048K)
 Metaspace       used 55176K, committed 55424K, reserved 1105920K
  class space    used 6556K, committed 6656K, reserved 1048576K
}
Event: 22.577 GC heap before
{Heap before GC invocations=23 (full 0):
 garbage-first heap   total 75776K, used 58765K [0x00000000a2200000, 0x0000000100000000)
  region size 1024K, 19 young (19456K), 2 survivors (2048K)
 Metaspace       used 58675K, committed 58880K, reserved 1105920K
  class space    used 6903K, committed 6976K, reserved 1048576K
}
Event: 22.582 GC heap after
{Heap after GC invocations=24 (full 0):
 garbage-first heap   total 75776K, used 42817K [0x00000000a2200000, 0x0000000100000000)
  region size 1024K, 3 young (3072K), 3 survivors (3072K)
 Metaspace       used 58675K, committed 58880K, reserved 1105920K
  class space    used 6903K, committed 6976K, reserved 1048576K
}
Event: 25.175 GC heap before
{Heap before GC invocations=25 (full 0):
 garbage-first heap   total 75776K, used 59201K [0x00000000a2200000, 0x0000000100000000)
  region size 1024K, 20 young (20480K), 3 survivors (3072K)
 Metaspace       used 61320K, committed 61568K, reserved 1105920K
  class space    used 7136K, committed 7232K, reserved 1048576K
}
Event: 25.182 GC heap after
{Heap after GC invocations=26 (full 0):
 garbage-first heap   total 75776K, used 44804K [0x00000000a2200000, 0x0000000100000000)
  region size 1024K, 2 young (2048K), 2 survivors (2048K)
 Metaspace       used 61320K, committed 61568K, reserved 1105920K
  class space    used 7136K, committed 7232K, reserved 1048576K
}
Event: 27.593 GC heap before
{Heap before GC invocations=26 (full 0):
 garbage-first heap   total 75776K, used 60164K [0x00000000a2200000, 0x0000000100000000)
  region size 1024K, 18 young (18432K), 2 survivors (2048K)
 Metaspace       used 64253K, committed 64512K, reserved 1114112K
  class space    used 7494K, committed 7616K, reserved 1048576K
}
Event: 27.600 GC heap after
{Heap after GC invocations=27 (full 0):
 garbage-first heap   total 75776K, used 46564K [0x00000000a2200000, 0x0000000100000000)
  region size 1024K, 2 young (2048K), 2 survivors (2048K)
 Metaspace       used 64253K, committed 64512K, reserved 1114112K
  class space    used 7494K, committed 7616K, reserved 1048576K
}
Event: 29.548 GC heap before
{Heap before GC invocations=28 (full 0):
 garbage-first heap   total 81920K, used 59876K [0x00000000a2200000, 0x0000000100000000)
  region size 1024K, 16 young (16384K), 2 survivors (2048K)
 Metaspace       used 67723K, committed 67904K, reserved 1114112K
  class space    used 7848K, committed 7936K, reserved 1048576K
}
Event: 29.553 GC heap after
{Heap after GC invocations=29 (full 0):
 garbage-first heap   total 81920K, used 47192K [0x00000000a2200000, 0x0000000100000000)
  region size 1024K, 1 young (1024K), 1 survivors (1024K)
 Metaspace       used 67723K, committed 67904K, reserved 1114112K
  class space    used 7848K, committed 7936K, reserved 1048576K
}
Event: 30.184 GC heap before
{Heap before GC invocations=29 (full 0):
 garbage-first heap   total 81920K, used 49240K [0x00000000a2200000, 0x0000000100000000)
  region size 1024K, 4 young (4096K), 1 survivors (1024K)
 Metaspace       used 68663K, committed 68864K, reserved 1114112K
  class space    used 7952K, committed 8064K, reserved 1048576K
}
Event: 30.188 GC heap after
{Heap after GC invocations=30 (full 0):
 garbage-first heap   total 81920K, used 46703K [0x00000000a2200000, 0x0000000100000000)
  region size 1024K, 1 young (1024K), 1 survivors (1024K)
 Metaspace       used 68663K, committed 68864K, reserved 1114112K
  class space    used 7952K, committed 8064K, reserved 1048576K
}
Event: 30.442 GC heap before
{Heap before GC invocations=30 (full 0):
 garbage-first heap   total 81920K, used 66159K [0x00000000a2200000, 0x0000000100000000)
  region size 1024K, 20 young (20480K), 1 survivors (1024K)
 Metaspace       used 69572K, committed 69760K, reserved 1114112K
  class space    used 8037K, committed 8128K, reserved 1048576K
}
Event: 30.451 GC heap after
{Heap after GC invocations=31 (full 0):
 garbage-first heap   total 81920K, used 51200K [0x00000000a2200000, 0x0000000100000000)
  region size 1024K, 3 young (3072K), 3 survivors (3072K)
 Metaspace       used 69572K, committed 69760K, reserved 1114112K
  class space    used 8037K, committed 8128K, reserved 1048576K
}

