# JRE version: OpenJDK Runtime Environment (17.0.6) (build 17.0.6+0-b2043.56-10027231)
# Java VM: OpenJDK 64-Bit Server VM (17.0.6+0-b2043.56-10027231, mixed mode, tiered, compressed oops, compressed class ptrs, g1 gc, windows-amd64)
GC Precious Log:
 CPUs: 8 total, 8 available
 Memory: 6005M
 Large Page Support: Disabled
 NUMA Support: Disabled
 Compressed Oops: Enabled (32-bit)
 Heap Region Size: 1M
 Heap Min Capacity: 8M
 Heap Initial Capacity: 94M
 Heap Max Capacity: 1502M
 Pre-touch: Disabled
 Parallel Workers: 8
 Concurrent Workers: 2
 Concurrent Refinement Workers: 8
 Periodic GC: Disabled
Heap:
 garbage-first heap   total 56320K, used 36233K [0x00000000a2200000, 0x0000000100000000)
  region size 1024K, 9 young (9216K), 2 survivors (2048K)
 Metaspace       used 48111K, committed 48320K, reserved 1097728K
  class space    used 5846K, committed 5952K, reserved 1048576K
GC Heap History (20 events):
Event: 9.578 GC heap before
{Heap before GC invocations=5 (full 0):
 garbage-first heap   total 40960K, used 33067K [0x00000000a2200000, 0x0000000100000000)
  region size 1024K, 20 young (20480K), 1 survivors (1024K)
 Metaspace       used 30764K, committed 30912K, reserved 1081344K
  class space    used 3976K, committed 4032K, reserved 1048576K
}
Event: 9.588 GC heap after
{Heap after GC invocations=6 (full 0):
 garbage-first heap   total 40960K, used 17946K [0x00000000a2200000, 0x0000000100000000)
  region size 1024K, 3 young (3072K), 3 survivors (3072K)
 Metaspace       used 30764K, committed 30912K, reserved 1081344K
  class space    used 3976K, committed 4032K, reserved 1048576K
}
Event: 10.065 GC heap before
{Heap before GC invocations=6 (full 0):
 garbage-first heap   total 40960K, used 30234K [0x00000000a2200000, 0x0000000100000000)
  region size 1024K, 16 young (16384K), 3 survivors (3072K)
 Metaspace       used 34028K, committed 34176K, reserved 1081344K
  class space    used 4335K, committed 4416K, reserved 1048576K
}
Event: 10.071 GC heap after
{Heap after GC invocations=7 (full 0):
 garbage-first heap   total 40960K, used 17131K [0x00000000a2200000, 0x0000000100000000)
  region size 1024K, 2 young (2048K), 2 survivors (2048K)
 Metaspace       used 34028K, committed 34176K, reserved 1081344K
  class space    used 4335K, committed 4416K, reserved 1048576K
}
Event: 10.228 GC heap before
{Heap before GC invocations=7 (full 0):
 garbage-first heap   total 40960K, used 25323K [0x00000000a2200000, 0x0000000100000000)
  region size 1024K, 11 young (11264K), 2 survivors (2048K)
 Metaspace       used 35854K, committed 36096K, reserved 1081344K
  class space    used 4532K, committed 4672K, reserved 1048576K
}
Event: 10.231 GC heap after
{Heap after GC invocations=8 (full 0):
 garbage-first heap   total 40960K, used 18661K [0x00000000a2200000, 0x0000000100000000)
  region size 1024K, 2 young (2048K), 2 survivors (2048K)
 Metaspace       used 35854K, committed 36096K, reserved 1081344K
  class space    used 4532K, committed 4672K, reserved 1048576K
}
Event: 10.476 GC heap before
{Heap before GC invocations=9 (full 0):
 garbage-first heap   total 40960K, used 30949K [0x00000000a2200000, 0x0000000100000000)
  region size 1024K, 14 young (14336K), 2 survivors (2048K)
 Metaspace       used 38332K, committed 38528K, reserved 1089536K
  class space    used 4766K, committed 4864K, reserved 1048576K
}
Event: 10.479 GC heap after
{Heap after GC invocations=10 (full 0):
 garbage-first heap   total 40960K, used 19757K [0x00000000a2200000, 0x0000000100000000)
  region size 1024K, 2 young (2048K), 2 survivors (2048K)
 Metaspace       used 38332K, committed 38528K, reserved 1089536K
  class space    used 4766K, committed 4864K, reserved 1048576K
}
Event: 10.491 GC heap before
{Heap before GC invocations=10 (full 0):
 garbage-first heap   total 40960K, used 19757K [0x00000000a2200000, 0x0000000100000000)
  region size 1024K, 3 young (3072K), 2 survivors (2048K)
 Metaspace       used 38475K, committed 38720K, reserved 1089536K
  class space    used 4777K, committed 4928K, reserved 1048576K
}
Event: 10.493 GC heap after
{Heap after GC invocations=11 (full 0):
 garbage-first heap   total 49152K, used 19142K [0x00000000a2200000, 0x0000000100000000)
  region size 1024K, 1 young (1024K), 1 survivors (1024K)
 Metaspace       used 38475K, committed 38720K, reserved 1089536K
  class space    used 4777K, committed 4928K, reserved 1048576K
}
Event: 10.806 GC heap before
{Heap before GC invocations=11 (full 0):
 garbage-first heap   total 49152K, used 35526K [0x00000000a2200000, 0x0000000100000000)
  region size 1024K, 18 young (18432K), 1 survivors (1024K)
 Metaspace       used 42579K, committed 42816K, reserved 1089536K
  class space    used 5213K, committed 5312K, reserved 1048576K
}
Event: 10.809 GC heap after
{Heap after GC invocations=12 (full 0):
 garbage-first heap   total 49152K, used 20113K [0x00000000a2200000, 0x0000000100000000)
  region size 1024K, 2 young (2048K), 2 survivors (2048K)
 Metaspace       used 42579K, committed 42816K, reserved 1089536K
  class space    used 5213K, committed 5312K, reserved 1048576K
}
Event: 11.367 GC heap before
{Heap before GC invocations=12 (full 0):
 garbage-first heap   total 49152K, used 37521K [0x00000000a2200000, 0x0000000100000000)
  region size 1024K, 19 young (19456K), 2 survivors (2048K)
 Metaspace       used 46727K, committed 46976K, reserved 1097728K
  class space    used 5714K, committed 5824K, reserved 1048576K
}
Event: 11.372 GC heap after
{Heap after GC invocations=13 (full 0):
 garbage-first heap   total 49152K, used 21905K [0x00000000a2200000, 0x0000000100000000)
  region size 1024K, 3 young (3072K), 3 survivors (3072K)
 Metaspace       used 46727K, committed 46976K, reserved 1097728K
  class space    used 5714K, committed 5824K, reserved 1048576K
}
Event: 11.536 GC heap before
{Heap before GC invocations=13 (full 0):
 garbage-first heap   total 49152K, used 33169K [0x00000000a2200000, 0x0000000100000000)
  region size 1024K, 13 young (13312K), 3 survivors (3072K)
 Metaspace       used 47401K, committed 47616K, reserved 1097728K
  class space    used 5773K, committed 5888K, reserved 1048576K
}
Event: 11.543 GC heap after
{Heap after GC invocations=14 (full 0):
 garbage-first heap   total 49152K, used 26877K [0x00000000a2200000, 0x0000000100000000)
  region size 1024K, 3 young (3072K), 3 survivors (3072K)
 Metaspace       used 47401K, committed 47616K, reserved 1097728K
  class space    used 5773K, committed 5888K, reserved 1048576K
}
Event: 11.588 GC heap before
{Heap before GC invocations=15 (full 0):
 garbage-first heap   total 51200K, used 37117K [0x00000000a2200000, 0x0000000100000000)
  region size 1024K, 13 young (13312K), 3 survivors (3072K)
 Metaspace       used 47416K, committed 47680K, reserved 1097728K
  class space    used 5773K, committed 5888K, reserved 1048576K
}
Event: 11.594 GC heap after
{Heap after GC invocations=16 (full 0):
 garbage-first heap   total 51200K, used 29692K [0x00000000a2200000, 0x0000000100000000)
  region size 1024K, 2 young (2048K), 2 survivors (2048K)
 Metaspace       used 47416K, committed 47680K, reserved 1097728K
  class space    used 5773K, committed 5888K, reserved 1048576K
}
Event: 11.634 GC heap before
{Heap before GC invocations=16 (full 0):
 garbage-first heap   total 51200K, used 38908K [0x00000000a2200000, 0x0000000100000000)
  region size 1024K, 12 young (12288K), 2 survivors (2048K)
 Metaspace       used 47436K, committed 47680K, reserved 1097728K
  class space    used 5773K, committed 5888K, reserved 1048576K
}
Event: 11.638 GC heap after
{Heap after GC invocations=17 (full 0):
 garbage-first heap   total 51200K, used 30089K [0x00000000a2200000, 0x0000000100000000)
  region size 1024K, 2 young (2048K), 2 survivors (2048K)
 Metaspace       used 47436K, committed 47680K, reserved 1097728K
  class space    used 5773K, committed 5888K, reserved 1048576K
}

